<?xml version="1.0" encoding="UTF-8"?>
<testsuite xmlns:xsi="http://www.w3.org/2001/XMLSchema-instance" xsi:noNamespaceSchemaLocation="https://maven.apache.org/surefire/maven-surefire-plugin/xsd/surefire-test-report.xsd" name="com.example.demo.DemoApplicationTests" time="7.481" tests="1" errors="0" skipped="0" failures="0">
  <properties>
    <property name="sun.desktop" value="windows"/>
    <property name="awt.toolkit" value="sun.awt.windows.WToolkit"/>
    <property name="file.encoding.pkg" value="sun.io"/>
    <property name="java.specification.version" value="1.8"/>
    <property name="sun.cpu.isalist" value="amd64"/>
    <property name="sun.jnu.encoding" value="Cp1252"/>
    <property name="java.class.path" value="C:\Users\SOACL-L-317\Desktop\rest\demo\target\test-classes;C:\Users\SOACL-L-317\Desktop\rest\demo\target\classes;C:\Users\SOACL-L-317\.m2\repository\org\springframework\boot\spring-boot-starter-web\2.6.0-SNAPSHOT\spring-boot-starter-web-2.6.0-SNAPSHOT.jar;C:\Users\SOACL-L-317\.m2\repository\org\springframework\boot\spring-boot-starter\2.6.0-SNAPSHOT\spring-boot-starter-2.6.0-SNAPSHOT.jar;C:\Users\SOACL-L-317\.m2\repository\org\springframework\boot\spring-boot\2.6.0-SNAPSHOT\spring-boot-2.6.0-SNAPSHOT.jar;C:\Users\SOACL-L-317\.m2\repository\org\springframework\boot\spring-boot-autoconfigure\2.6.0-SNAPSHOT\spring-boot-autoconfigure-2.6.0-SNAPSHOT.jar;C:\Users\SOACL-L-317\.m2\repository\org\springframework\boot\spring-boot-starter-logging\2.6.0-SNAPSHOT\spring-boot-starter-logging-2.6.0-SNAPSHOT.jar;C:\Users\SOACL-L-317\.m2\repository\ch\qos\logback\logback-classic\1.2.3\logback-classic-1.2.3.jar;C:\Users\SOACL-L-317\.m2\repository\ch\qos\logback\logback-core\1.2.3\logback-core-1.2.3.jar;C:\Users\SOACL-L-317\.m2\repository\org\apache\logging\log4j\log4j-to-slf4j\2.14.1\log4j-to-slf4j-2.14.1.jar;C:\Users\SOACL-L-317\.m2\repository\org\apache\logging\log4j\log4j-api\2.14.1\log4j-api-2.14.1.jar;C:\Users\SOACL-L-317\.m2\repository\org\slf4j\jul-to-slf4j\1.7.31\jul-to-slf4j-1.7.31.jar;C:\Users\SOACL-L-317\.m2\repository\jakarta\annotation\jakarta.annotation-api\1.3.5\jakarta.annotation-api-1.3.5.jar;C:\Users\SOACL-L-317\.m2\repository\org\yaml\snakeyaml\1.29\snakeyaml-1.29.jar;C:\Users\SOACL-L-317\.m2\repository\org\springframework\boot\spring-boot-starter-json\2.6.0-SNAPSHOT\spring-boot-starter-json-2.6.0-SNAPSHOT.jar;C:\Users\SOACL-L-317\.m2\repository\com\fasterxml\jackson\core\jackson-databind\2.12.4\jackson-databind-2.12.4.jar;C:\Users\SOACL-L-317\.m2\repository\com\fasterxml\jackson\core\jackson-annotations\2.12.4\jackson-annotations-2.12.4.jar;C:\Users\SOACL-L-317\.m2\repository\com\fasterxml\jackson\core\jackson-core\2.12.4\jackson-core-2.12.4.jar;C:\Users\SOACL-L-317\.m2\repository\com\fasterxml\jackson\datatype\jackson-datatype-jdk8\2.12.4\jackson-datatype-jdk8-2.12.4.jar;C:\Users\SOACL-L-317\.m2\repository\com\fasterxml\jackson\datatype\jackson-datatype-jsr310\2.12.4\jackson-datatype-jsr310-2.12.4.jar;C:\Users\SOACL-L-317\.m2\repository\com\fasterxml\jackson\module\jackson-module-parameter-names\2.12.4\jackson-module-parameter-names-2.12.4.jar;C:\Users\SOACL-L-317\.m2\repository\org\springframework\boot\spring-boot-starter-tomcat\2.6.0-SNAPSHOT\spring-boot-starter-tomcat-2.6.0-SNAPSHOT.jar;C:\Users\SOACL-L-317\.m2\repository\org\apache\tomcat\embed\tomcat-embed-core\9.0.50\tomcat-embed-core-9.0.50.jar;C:\Users\SOACL-L-317\.m2\repository\org\apache\tomcat\embed\tomcat-embed-el\9.0.50\tomcat-embed-el-9.0.50.jar;C:\Users\SOACL-L-317\.m2\repository\org\apache\tomcat\embed\tomcat-embed-websocket\9.0.50\tomcat-embed-websocket-9.0.50.jar;C:\Users\SOACL-L-317\.m2\repository\org\springframework\spring-web\5.3.9\spring-web-5.3.9.jar;C:\Users\SOACL-L-317\.m2\repository\org\springframework\spring-beans\5.3.9\spring-beans-5.3.9.jar;C:\Users\SOACL-L-317\.m2\repository\org\springframework\spring-webmvc\5.3.9\spring-webmvc-5.3.9.jar;C:\Users\SOACL-L-317\.m2\repository\org\springframework\spring-aop\5.3.9\spring-aop-5.3.9.jar;C:\Users\SOACL-L-317\.m2\repository\org\springframework\spring-context\5.3.9\spring-context-5.3.9.jar;C:\Users\SOACL-L-317\.m2\repository\org\springframework\spring-expression\5.3.9\spring-expression-5.3.9.jar;C:\Users\SOACL-L-317\.m2\repository\org\springframework\boot\spring-boot-starter-test\2.6.0-SNAPSHOT\spring-boot-starter-test-2.6.0-SNAPSHOT.jar;C:\Users\SOACL-L-317\.m2\repository\org\springframework\boot\spring-boot-test\2.6.0-SNAPSHOT\spring-boot-test-2.6.0-SNAPSHOT.jar;C:\Users\SOACL-L-317\.m2\repository\org\springframework\boot\spring-boot-test-autoconfigure\2.6.0-SNAPSHOT\spring-boot-test-autoconfigure-2.6.0-SNAPSHOT.jar;C:\Users\SOACL-L-317\.m2\repository\com\jayway\jsonpath\json-path\2.6.0\json-path-2.6.0.jar;C:\Users\SOACL-L-317\.m2\repository\net\minidev\json-smart\2.4.7\json-smart-2.4.7.jar;C:\Users\SOACL-L-317\.m2\repository\net\minidev\accessors-smart\2.4.7\accessors-smart-2.4.7.jar;C:\Users\SOACL-L-317\.m2\repository\org\ow2\asm\asm\9.1\asm-9.1.jar;C:\Users\SOACL-L-317\.m2\repository\org\slf4j\slf4j-api\1.7.31\slf4j-api-1.7.31.jar;C:\Users\SOACL-L-317\.m2\repository\jakarta\xml\bind\jakarta.xml.bind-api\2.3.3\jakarta.xml.bind-api-2.3.3.jar;C:\Users\SOACL-L-317\.m2\repository\jakarta\activation\jakarta.activation-api\1.2.2\jakarta.activation-api-1.2.2.jar;C:\Users\SOACL-L-317\.m2\repository\org\assertj\assertj-core\3.20.2\assertj-core-3.20.2.jar;C:\Users\SOACL-L-317\.m2\repository\org\hamcrest\hamcrest\2.2\hamcrest-2.2.jar;C:\Users\SOACL-L-317\.m2\repository\org\junit\jupiter\junit-jupiter\5.7.2\junit-jupiter-5.7.2.jar;C:\Users\SOACL-L-317\.m2\repository\org\junit\jupiter\junit-jupiter-api\5.7.2\junit-jupiter-api-5.7.2.jar;C:\Users\SOACL-L-317\.m2\repository\org\apiguardian\apiguardian-api\1.1.0\apiguardian-api-1.1.0.jar;C:\Users\SOACL-L-317\.m2\repository\org\opentest4j\opentest4j\1.2.0\opentest4j-1.2.0.jar;C:\Users\SOACL-L-317\.m2\repository\org\junit\platform\junit-platform-commons\1.7.2\junit-platform-commons-1.7.2.jar;C:\Users\SOACL-L-317\.m2\repository\org\junit\jupiter\junit-jupiter-params\5.7.2\junit-jupiter-params-5.7.2.jar;C:\Users\SOACL-L-317\.m2\repository\org\junit\jupiter\junit-jupiter-engine\5.7.2\junit-jupiter-engine-5.7.2.jar;C:\Users\SOACL-L-317\.m2\repository\org\junit\platform\junit-platform-engine\1.7.2\junit-platform-engine-1.7.2.jar;C:\Users\SOACL-L-317\.m2\repository\org\mockito\mockito-core\3.11.2\mockito-core-3.11.2.jar;C:\Users\SOACL-L-317\.m2\repository\net\bytebuddy\byte-buddy\1.11.6\byte-buddy-1.11.6.jar;C:\Users\SOACL-L-317\.m2\repository\net\bytebuddy\byte-buddy-agent\1.11.6\byte-buddy-agent-1.11.6.jar;C:\Users\SOACL-L-317\.m2\repository\org\objenesis\objenesis\3.2\objenesis-3.2.jar;C:\Users\SOACL-L-317\.m2\repository\org\mockito\mockito-junit-jupiter\3.11.2\mockito-junit-jupiter-3.11.2.jar;C:\Users\SOACL-L-317\.m2\repository\org\skyscreamer\jsonassert\1.5.0\jsonassert-1.5.0.jar;C:\Users\SOACL-L-317\.m2\repository\com\vaadin\external\google\android-json\0.0.20131108.vaadin1\android-json-0.0.20131108.vaadin1.jar;C:\Users\SOACL-L-317\.m2\repository\org\springframework\spring-core\5.3.9\spring-core-5.3.9.jar;C:\Users\SOACL-L-317\.m2\repository\org\springframework\spring-jcl\5.3.9\spring-jcl-5.3.9.jar;C:\Users\SOACL-L-317\.m2\repository\org\springframework\spring-test\5.3.9\spring-test-5.3.9.jar;C:\Users\SOACL-L-317\.m2\repository\org\xmlunit\xmlunit-core\2.8.2\xmlunit-core-2.8.2.jar;C:\Users\SOACL-L-317\.m2\repository\org\springframework\boot\spring-boot-starter-actuator\2.3.4.RELEASE\spring-boot-starter-actuator-2.3.4.RELEASE.jar;C:\Users\SOACL-L-317\.m2\repository\org\springframework\boot\spring-boot-actuator-autoconfigure\2.6.0-SNAPSHOT\spring-boot-actuator-autoconfigure-2.6.0-SNAPSHOT.jar;C:\Users\SOACL-L-317\.m2\repository\org\springframework\boot\spring-boot-actuator\2.6.0-SNAPSHOT\spring-boot-actuator-2.6.0-SNAPSHOT.jar;C:\Users\SOACL-L-317\.m2\repository\io\micrometer\micrometer-core\1.8.0-M1\micrometer-core-1.8.0-M1.jar;C:\Users\SOACL-L-317\.m2\repository\org\hdrhistogram\HdrHistogram\2.1.12\HdrHistogram-2.1.12.jar;C:\Users\SOACL-L-317\.m2\repository\org\latencyutils\LatencyUtils\2.0.3\LatencyUtils-2.0.3.jar;C:\Users\SOACL-L-317\.m2\repository\io\micrometer\micrometer-registry-prometheus\1.8.0-M1\micrometer-registry-prometheus-1.8.0-M1.jar;C:\Users\SOACL-L-317\.m2\repository\io\prometheus\simpleclient_common\0.11.0\simpleclient_common-0.11.0.jar;C:\Users\SOACL-L-317\.m2\repository\io\prometheus\simpleclient\0.11.0\simpleclient-0.11.0.jar;C:\Users\SOACL-L-317\.m2\repository\io\prometheus\simpleclient_tracer_otel\0.11.0\simpleclient_tracer_otel-0.11.0.jar;C:\Users\SOACL-L-317\.m2\repository\io\prometheus\simpleclient_tracer_common\0.11.0\simpleclient_tracer_common-0.11.0.jar;C:\Users\SOACL-L-317\.m2\repository\io\prometheus\simpleclient_tracer_otel_agent\0.11.0\simpleclient_tracer_otel_agent-0.11.0.jar;"/>
    <property name="java.vm.vendor" value="Oracle Corporation"/>
    <property name="sun.arch.data.model" value="64"/>
    <property name="user.variant" value=""/>
    <property name="java.vendor.url" value="http://java.oracle.com/"/>
    <property name="user.timezone" value="America/Santiago"/>
    <property name="java.vm.specification.version" value="1.8"/>
    <property name="os.name" value="Windows 10"/>
    <property name="user.country" value="CL"/>
    <property name="sun.java.launcher" value="SUN_STANDARD"/>
    <property name="sun.boot.library.path" value="D:\Environment\Java\jdk_1.8.0_101\jre\bin"/>
    <property name="sun.java.command" value="C:\Users\SOACL-~1\AppData\Local\Temp\surefire2893669612604661251\surefirebooter416704933467147142.jar C:\Users\SOACL-L-317\AppData\Local\Temp\surefire2893669612604661251 2021-07-17T18-43-28_794-jvmRun1 surefire1330777567783975129tmp surefire_03475693554199791544tmp"/>
    <property name="surefire.test.class.path" value="C:\Users\SOACL-L-317\Desktop\rest\demo\target\test-classes;C:\Users\SOACL-L-317\Desktop\rest\demo\target\classes;C:\Users\SOACL-L-317\.m2\repository\org\springframework\boot\spring-boot-starter-web\2.6.0-SNAPSHOT\spring-boot-starter-web-2.6.0-SNAPSHOT.jar;C:\Users\SOACL-L-317\.m2\repository\org\springframework\boot\spring-boot-starter\2.6.0-SNAPSHOT\spring-boot-starter-2.6.0-SNAPSHOT.jar;C:\Users\SOACL-L-317\.m2\repository\org\springframework\boot\spring-boot\2.6.0-SNAPSHOT\spring-boot-2.6.0-SNAPSHOT.jar;C:\Users\SOACL-L-317\.m2\repository\org\springframework\boot\spring-boot-autoconfigure\2.6.0-SNAPSHOT\spring-boot-autoconfigure-2.6.0-SNAPSHOT.jar;C:\Users\SOACL-L-317\.m2\repository\org\springframework\boot\spring-boot-starter-logging\2.6.0-SNAPSHOT\spring-boot-starter-logging-2.6.0-SNAPSHOT.jar;C:\Users\SOACL-L-317\.m2\repository\ch\qos\logback\logback-classic\1.2.3\logback-classic-1.2.3.jar;C:\Users\SOACL-L-317\.m2\repository\ch\qos\logback\logback-core\1.2.3\logback-core-1.2.3.jar;C:\Users\SOACL-L-317\.m2\repository\org\apache\logging\log4j\log4j-to-slf4j\2.14.1\log4j-to-slf4j-2.14.1.jar;C:\Users\SOACL-L-317\.m2\repository\org\apache\logging\log4j\log4j-api\2.14.1\log4j-api-2.14.1.jar;C:\Users\SOACL-L-317\.m2\repository\org\slf4j\jul-to-slf4j\1.7.31\jul-to-slf4j-1.7.31.jar;C:\Users\SOACL-L-317\.m2\repository\jakarta\annotation\jakarta.annotation-api\1.3.5\jakarta.annotation-api-1.3.5.jar;C:\Users\SOACL-L-317\.m2\repository\org\yaml\snakeyaml\1.29\snakeyaml-1.29.jar;C:\Users\SOACL-L-317\.m2\repository\org\springframework\boot\spring-boot-starter-json\2.6.0-SNAPSHOT\spring-boot-starter-json-2.6.0-SNAPSHOT.jar;C:\Users\SOACL-L-317\.m2\repository\com\fasterxml\jackson\core\jackson-databind\2.12.4\jackson-databind-2.12.4.jar;C:\Users\SOACL-L-317\.m2\repository\com\fasterxml\jackson\core\jackson-annotations\2.12.4\jackson-annotations-2.12.4.jar;C:\Users\SOACL-L-317\.m2\repository\com\fasterxml\jackson\core\jackson-core\2.12.4\jackson-core-2.12.4.jar;C:\Users\SOACL-L-317\.m2\repository\com\fasterxml\jackson\datatype\jackson-datatype-jdk8\2.12.4\jackson-datatype-jdk8-2.12.4.jar;C:\Users\SOACL-L-317\.m2\repository\com\fasterxml\jackson\datatype\jackson-datatype-jsr310\2.12.4\jackson-datatype-jsr310-2.12.4.jar;C:\Users\SOACL-L-317\.m2\repository\com\fasterxml\jackson\module\jackson-module-parameter-names\2.12.4\jackson-module-parameter-names-2.12.4.jar;C:\Users\SOACL-L-317\.m2\repository\org\springframework\boot\spring-boot-starter-tomcat\2.6.0-SNAPSHOT\spring-boot-starter-tomcat-2.6.0-SNAPSHOT.jar;C:\Users\SOACL-L-317\.m2\repository\org\apache\tomcat\embed\tomcat-embed-core\9.0.50\tomcat-embed-core-9.0.50.jar;C:\Users\SOACL-L-317\.m2\repository\org\apache\tomcat\embed\tomcat-embed-el\9.0.50\tomcat-embed-el-9.0.50.jar;C:\Users\SOACL-L-317\.m2\repository\org\apache\tomcat\embed\tomcat-embed-websocket\9.0.50\tomcat-embed-websocket-9.0.50.jar;C:\Users\SOACL-L-317\.m2\repository\org\springframework\spring-web\5.3.9\spring-web-5.3.9.jar;C:\Users\SOACL-L-317\.m2\repository\org\springframework\spring-beans\5.3.9\spring-beans-5.3.9.jar;C:\Users\SOACL-L-317\.m2\repository\org\springframework\spring-webmvc\5.3.9\spring-webmvc-5.3.9.jar;C:\Users\SOACL-L-317\.m2\repository\org\springframework\spring-aop\5.3.9\spring-aop-5.3.9.jar;C:\Users\SOACL-L-317\.m2\repository\org\springframework\spring-context\5.3.9\spring-context-5.3.9.jar;C:\Users\SOACL-L-317\.m2\repository\org\springframework\spring-expression\5.3.9\spring-expression-5.3.9.jar;C:\Users\SOACL-L-317\.m2\repository\org\springframework\boot\spring-boot-starter-test\2.6.0-SNAPSHOT\spring-boot-starter-test-2.6.0-SNAPSHOT.jar;C:\Users\SOACL-L-317\.m2\repository\org\springframework\boot\spring-boot-test\2.6.0-SNAPSHOT\spring-boot-test-2.6.0-SNAPSHOT.jar;C:\Users\SOACL-L-317\.m2\repository\org\springframework\boot\spring-boot-test-autoconfigure\2.6.0-SNAPSHOT\spring-boot-test-autoconfigure-2.6.0-SNAPSHOT.jar;C:\Users\SOACL-L-317\.m2\repository\com\jayway\jsonpath\json-path\2.6.0\json-path-2.6.0.jar;C:\Users\SOACL-L-317\.m2\repository\net\minidev\json-smart\2.4.7\json-smart-2.4.7.jar;C:\Users\SOACL-L-317\.m2\repository\net\minidev\accessors-smart\2.4.7\accessors-smart-2.4.7.jar;C:\Users\SOACL-L-317\.m2\repository\org\ow2\asm\asm\9.1\asm-9.1.jar;C:\Users\SOACL-L-317\.m2\repository\org\slf4j\slf4j-api\1.7.31\slf4j-api-1.7.31.jar;C:\Users\SOACL-L-317\.m2\repository\jakarta\xml\bind\jakarta.xml.bind-api\2.3.3\jakarta.xml.bind-api-2.3.3.jar;C:\Users\SOACL-L-317\.m2\repository\jakarta\activation\jakarta.activation-api\1.2.2\jakarta.activation-api-1.2.2.jar;C:\Users\SOACL-L-317\.m2\repository\org\assertj\assertj-core\3.20.2\assertj-core-3.20.2.jar;C:\Users\SOACL-L-317\.m2\repository\org\hamcrest\hamcrest\2.2\hamcrest-2.2.jar;C:\Users\SOACL-L-317\.m2\repository\org\junit\jupiter\junit-jupiter\5.7.2\junit-jupiter-5.7.2.jar;C:\Users\SOACL-L-317\.m2\repository\org\junit\jupiter\junit-jupiter-api\5.7.2\junit-jupiter-api-5.7.2.jar;C:\Users\SOACL-L-317\.m2\repository\org\apiguardian\apiguardian-api\1.1.0\apiguardian-api-1.1.0.jar;C:\Users\SOACL-L-317\.m2\repository\org\opentest4j\opentest4j\1.2.0\opentest4j-1.2.0.jar;C:\Users\SOACL-L-317\.m2\repository\org\junit\platform\junit-platform-commons\1.7.2\junit-platform-commons-1.7.2.jar;C:\Users\SOACL-L-317\.m2\repository\org\junit\jupiter\junit-jupiter-params\5.7.2\junit-jupiter-params-5.7.2.jar;C:\Users\SOACL-L-317\.m2\repository\org\junit\jupiter\junit-jupiter-engine\5.7.2\junit-jupiter-engine-5.7.2.jar;C:\Users\SOACL-L-317\.m2\repository\org\junit\platform\junit-platform-engine\1.7.2\junit-platform-engine-1.7.2.jar;C:\Users\SOACL-L-317\.m2\repository\org\mockito\mockito-core\3.11.2\mockito-core-3.11.2.jar;C:\Users\SOACL-L-317\.m2\repository\net\bytebuddy\byte-buddy\1.11.6\byte-buddy-1.11.6.jar;C:\Users\SOACL-L-317\.m2\repository\net\bytebuddy\byte-buddy-agent\1.11.6\byte-buddy-agent-1.11.6.jar;C:\Users\SOACL-L-317\.m2\repository\org\objenesis\objenesis\3.2\objenesis-3.2.jar;C:\Users\SOACL-L-317\.m2\repository\org\mockito\mockito-junit-jupiter\3.11.2\mockito-junit-jupiter-3.11.2.jar;C:\Users\SOACL-L-317\.m2\repository\org\skyscreamer\jsonassert\1.5.0\jsonassert-1.5.0.jar;C:\Users\SOACL-L-317\.m2\repository\com\vaadin\external\google\android-json\0.0.20131108.vaadin1\android-json-0.0.20131108.vaadin1.jar;C:\Users\SOACL-L-317\.m2\repository\org\springframework\spring-core\5.3.9\spring-core-5.3.9.jar;C:\Users\SOACL-L-317\.m2\repository\org\springframework\spring-jcl\5.3.9\spring-jcl-5.3.9.jar;C:\Users\SOACL-L-317\.m2\repository\org\springframework\spring-test\5.3.9\spring-test-5.3.9.jar;C:\Users\SOACL-L-317\.m2\repository\org\xmlunit\xmlunit-core\2.8.2\xmlunit-core-2.8.2.jar;C:\Users\SOACL-L-317\.m2\repository\org\springframework\boot\spring-boot-starter-actuator\2.3.4.RELEASE\spring-boot-starter-actuator-2.3.4.RELEASE.jar;C:\Users\SOACL-L-317\.m2\repository\org\springframework\boot\spring-boot-actuator-autoconfigure\2.6.0-SNAPSHOT\spring-boot-actuator-autoconfigure-2.6.0-SNAPSHOT.jar;C:\Users\SOACL-L-317\.m2\repository\org\springframework\boot\spring-boot-actuator\2.6.0-SNAPSHOT\spring-boot-actuator-2.6.0-SNAPSHOT.jar;C:\Users\SOACL-L-317\.m2\repository\io\micrometer\micrometer-core\1.8.0-M1\micrometer-core-1.8.0-M1.jar;C:\Users\SOACL-L-317\.m2\repository\org\hdrhistogram\HdrHistogram\2.1.12\HdrHistogram-2.1.12.jar;C:\Users\SOACL-L-317\.m2\repository\org\latencyutils\LatencyUtils\2.0.3\LatencyUtils-2.0.3.jar;C:\Users\SOACL-L-317\.m2\repository\io\micrometer\micrometer-registry-prometheus\1.8.0-M1\micrometer-registry-prometheus-1.8.0-M1.jar;C:\Users\SOACL-L-317\.m2\repository\io\prometheus\simpleclient_common\0.11.0\simpleclient_common-0.11.0.jar;C:\Users\SOACL-L-317\.m2\repository\io\prometheus\simpleclient\0.11.0\simpleclient-0.11.0.jar;C:\Users\SOACL-L-317\.m2\repository\io\prometheus\simpleclient_tracer_otel\0.11.0\simpleclient_tracer_otel-0.11.0.jar;C:\Users\SOACL-L-317\.m2\repository\io\prometheus\simpleclient_tracer_common\0.11.0\simpleclient_tracer_common-0.11.0.jar;C:\Users\SOACL-L-317\.m2\repository\io\prometheus\simpleclient_tracer_otel_agent\0.11.0\simpleclient_tracer_otel_agent-0.11.0.jar;"/>
    <property name="sun.cpu.endian" value="little"/>
    <property name="user.home" value="C:\Users\SOACL-L-317"/>
    <property name="user.language" value="es"/>
    <property name="java.specification.vendor" value="Oracle Corporation"/>
    <property name="java.home" value="D:\Environment\Java\jdk_1.8.0_101\jre"/>
    <property name="basedir" value="C:\Users\SOACL-L-317\Desktop\rest\demo"/>
    <property name="file.separator" value="\"/>
    <property name="line.separator" value="&#10;"/>
    <property name="java.vm.specification.vendor" value="Oracle Corporation"/>
    <property name="java.specification.name" value="Java Platform API Specification"/>
    <property name="java.awt.graphicsenv" value="sun.awt.Win32GraphicsEnvironment"/>
    <property name="surefire.real.class.path" value="C:\Users\SOACL-~1\AppData\Local\Temp\surefire2893669612604661251\surefirebooter416704933467147142.jar"/>
    <property name="sun.boot.class.path" value="D:\Environment\Java\jdk_1.8.0_101\jre\lib\resources.jar;D:\Environment\Java\jdk_1.8.0_101\jre\lib\rt.jar;D:\Environment\Java\jdk_1.8.0_101\jre\lib\sunrsasign.jar;D:\Environment\Java\jdk_1.8.0_101\jre\lib\jsse.jar;D:\Environment\Java\jdk_1.8.0_101\jre\lib\jce.jar;D:\Environment\Java\jdk_1.8.0_101\jre\lib\charsets.jar;D:\Environment\Java\jdk_1.8.0_101\jre\lib\jfr.jar;D:\Environment\Java\jdk_1.8.0_101\jre\classes"/>
    <property name="user.script" value=""/>
    <property name="sun.management.compiler" value="HotSpot 64-Bit Tiered Compilers"/>
    <property name="java.runtime.version" value="1.8.0_101-b13"/>
    <property name="user.name" value="SOACL-L-317"/>
    <property name="path.separator" value=";"/>
    <property name="os.version" value="10.0"/>
    <property name="java.endorsed.dirs" value="D:\Environment\Java\jdk_1.8.0_101\jre\lib\endorsed"/>
    <property name="java.runtime.name" value="Java(TM) SE Runtime Environment"/>
    <property name="file.encoding" value="Cp1252"/>
    <property name="java.vm.name" value="Java HotSpot(TM) 64-Bit Server VM"/>
    <property name="localRepository" value="C:\Users\SOACL-L-317\.m2\repository"/>
    <property name="java.vendor.url.bug" value="http://bugreport.sun.com/bugreport/"/>
    <property name="java.io.tmpdir" value="C:\Users\SOACL-~1\AppData\Local\Temp\"/>
    <property name="java.version" value="1.8.0_101"/>
    <property name="user.dir" value="C:\Users\SOACL-L-317\Desktop\rest\demo"/>
    <property name="os.arch" value="amd64"/>
    <property name="java.vm.specification.name" value="Java Virtual Machine Specification"/>
    <property name="java.awt.printerjob" value="sun.awt.windows.WPrinterJob"/>
    <property name="sun.os.patch.level" value=""/>
    <property name="java.library.path" value="D:\Environment\Java\jdk_1.8.0_101\jre\bin;C:\WINDOWS\Sun\Java\bin;C:\WINDOWS\system32;C:\WINDOWS;C:\Users\SOACL-L-317\bin;C:\Program Files\Git\mingw64\bin;C:\Program Files\Git\usr\local\bin;C:\Program Files\Git\usr\bin;C:\Program Files\Git\usr\bin;C:\Program Files\Git\mingw64\bin;C:\Program Files\Git\usr\bin;C:\Users\SOACL-L-317\bin;C:\Program Files\Common Files\Oracle\Java\javapath;C:\ProgramData\Oracle\Java\javapath;C:\Program Files (x86)\Intel\Intel(R) Management Engine Components\iCLS;C:\Program Files\Intel\Intel(R) Management Engine Components\iCLS;C:\WINDOWS\system32;C:\WINDOWS;C:\WINDOWS\System32\Wbem;C:\WINDOWS\System32\WindowsPowerShell\v1.0;C:\WINDOWS\System32\OpenSSH;C:\Program Files (x86)\Intel\Intel(R) Management Engine Components\DAL;C:\Program Files\Intel\Intel(R) Management Engine Components\DAL;C:\Program Files (x86)\Intel\Intel(R) Management Engine Components\IPT;C:\Program Files\Intel\Intel(R) Management Engine Components\IPT;C:\Program Files\Git\cmd;D:\Environment\Java\jdk_1.8.0_101\bin;C:\MiniShift\minishift-1.23.0-windows-amd64;C:\Program Files\nodejs;C:\Program Files\Intel\WiFi\bin;C:\Program Files\Common Files\Intel\WirelessCommon;D:\OC;D:\Environment\apache-maven-3.8.1\bin;C:\Program Files\Docker\Docker\resources\bin;C:\ProgramData\DockerDesktop\version-bin;C:\Users\SOACL-L-317\AppData\Local\Microsoft\WindowsApps;C:\Users\SOACL-L-317\AppData\Local\atom\bin;C:\Users\SOACL-L-317\AppData\Local\Programs\Microsoft VS Code\bin;C:\Users\SOACL-L-317\AppData\Roaming\npm;%USERPROFILE%\AppData\Local\Microsoft\WindowsApps;C:\Program Files\Git\usr\bin\vendor_perl;C:\Program Files\Git\usr\bin\core_perl;."/>
    <property name="java.vm.info" value="mixed mode"/>
    <property name="java.vendor" value="Oracle Corporation"/>
    <property name="java.vm.version" value="25.101-b13"/>
    <property name="java.ext.dirs" value="D:\Environment\Java\jdk_1.8.0_101\jre\lib\ext;C:\WINDOWS\Sun\Java\lib\ext"/>
    <property name="sun.io.unicode.encoding" value="UnicodeLittle"/>
    <property name="java.class.version" value="52.0"/>
  </properties>
  <testcase name="contextLoads" classname="com.example.demo.DemoApplicationTests" time="0.457"/>
</testsuite>